<?xml version="1.0" encoding="UTF-8"?>
<coverage generated="1688825207227" clover="3.2.0">
  <project timestamp="1688825207227" name="All files">
    <metrics statements="52" coveredstatements="20" conditionals="15" coveredconditionals="2" methods="21" coveredmethods="3" elements="88" coveredelements="25" complexity="0" loc="52" ncloc="52" packages="4" files="5" classes="5"/>
    <package name="src">
      <metrics statements="1" coveredstatements="1" conditionals="0" coveredconditionals="0" methods="0" coveredmethods="0"/>
      <file name="constants.ts" path="/Users/eugeneshtoka/dev-personal/gds/src/constants.ts">
        <metrics statements="1" coveredstatements="1" conditionals="0" coveredconditionals="0" methods="0" coveredmethods="0"/>
        <line num="1" count="1" type="stmt"/>
      </file>
    </package>
    <package name="src.interfaces">
      <metrics statements="15" coveredstatements="7" conditionals="5" coveredconditionals="0" methods="7" coveredmethods="0"/>
      <file name="iEqualityComparable.ts" path="/Users/eugeneshtoka/dev-personal/gds/src/interfaces/iEqualityComparable.ts">
        <metrics statements="6" coveredstatements="4" conditionals="4" coveredconditionals="0" methods="4" coveredmethods="0"/>
        <line num="1" count="1" type="stmt"/>
        <line num="2" count="1" type="stmt"/>
        <line num="9" count="1" type="stmt"/>
        <line num="10" count="0" type="stmt"/>
        <line num="13" count="1" type="stmt"/>
        <line num="14" count="0" type="cond" truecount="0" falsecount="4"/>
      </file>
      <file name="iResult.ts" path="/Users/eugeneshtoka/dev-personal/gds/src/interfaces/iResult.ts">
        <metrics statements="9" coveredstatements="3" conditionals="1" coveredconditionals="0" methods="3" coveredmethods="0"/>
        <line num="6" count="1" type="stmt"/>
        <line num="11" count="0" type="stmt"/>
        <line num="12" count="0" type="cond" truecount="0" falsecount="1"/>
        <line num="13" count="0" type="stmt"/>
        <line num="17" count="1" type="stmt"/>
        <line num="18" count="0" type="stmt"/>
        <line num="22" count="0" type="stmt"/>
        <line num="26" count="1" type="stmt"/>
        <line num="27" count="0" type="stmt"/>
      </file>
    </package>
    <package name="src.linkedList">
      <metrics statements="30" coveredstatements="7" conditionals="4" coveredconditionals="0" methods="12" coveredmethods="2"/>
      <file name="linkedList.ts" path="/Users/eugeneshtoka/dev-personal/gds/src/linkedList/linkedList.ts">
        <metrics statements="30" coveredstatements="7" conditionals="4" coveredconditionals="0" methods="12" coveredmethods="2"/>
        <line num="5" count="1" type="stmt"/>
        <line num="6" count="1" type="stmt"/>
        <line num="12" count="0" type="stmt"/>
        <line num="15" count="1" type="stmt"/>
        <line num="16" count="1" type="stmt"/>
        <line num="20" count="1" type="stmt"/>
        <line num="21" count="1" type="stmt"/>
        <line num="22" count="1" type="stmt"/>
        <line num="25" count="0" type="stmt"/>
        <line num="29" count="0" type="stmt"/>
        <line num="33" count="0" type="stmt"/>
        <line num="34" count="0" type="stmt"/>
        <line num="38" count="0" type="stmt"/>
        <line num="42" count="0" type="stmt"/>
        <line num="43" count="0" type="stmt"/>
        <line num="45" count="0" type="stmt"/>
        <line num="46" count="0" type="stmt"/>
        <line num="47" count="0" type="cond" truecount="0" falsecount="3"/>
        <line num="48" count="0" type="stmt"/>
        <line num="49" count="0" type="stmt"/>
        <line num="53" count="0" type="stmt"/>
        <line num="57" count="0" type="stmt"/>
        <line num="61" count="0" type="stmt"/>
        <line num="62" count="0" type="stmt"/>
        <line num="66" count="0" type="stmt"/>
        <line num="67" count="0" type="stmt"/>
        <line num="68" count="0" type="cond" truecount="0" falsecount="1"/>
        <line num="71" count="0" type="stmt"/>
        <line num="75" count="0" type="stmt"/>
        <line num="76" count="0" type="stmt"/>
      </file>
    </package>
    <package name="src.types">
      <metrics statements="6" coveredstatements="5" conditionals="6" coveredconditionals="2" methods="2" coveredmethods="1"/>
      <file name="comparer.ts" path="/Users/eugeneshtoka/dev-personal/gds/src/types/comparer.ts">
        <metrics statements="6" coveredstatements="5" conditionals="6" coveredconditionals="2" methods="2" coveredmethods="1"/>
        <line num="1" count="1" type="cond" truecount="2" falsecount="0"/>
        <line num="2" count="1" type="stmt"/>
        <line num="3" count="1" type="stmt"/>
        <line num="4" count="1" type="stmt"/>
        <line num="9" count="1" type="stmt"/>
        <line num="10" count="0" type="cond" truecount="0" falsecount="4"/>
      </file>
    </package>
  </project>
</coverage>
